<?xml version="1.0" encoding="UTF-8"?>
<testsuite xmlns:xsi="http://www.w3.org/2001/XMLSchema-instance" xsi:noNamespaceSchemaLocation="https://maven.apache.org/surefire/maven-surefire-plugin/xsd/surefire-test-report-3.0.xsd" version="3.0" name="com.sanyan.repository.RepositoryTest" time="1.699" tests="3" errors="0" skipped="0" failures="0">
  <properties>
[...]
</properties>
  <testcase name="shouldSaveAndPageMessages" classname="com.sanyan.repository.RepositoryTest" time="0.299">
    <system-out><![CDATA[09:23:25.106 [main] INFO org.springframework.test.context.support.AnnotationConfigContextLoaderUtils -- Could not detect default configuration classes for test class [com.sanyan.repository.RepositoryTest]: RepositoryTest does not declare any static, non-private, non-final, nested classes annotated with @Configuration.
09:23:25.153 [main] INFO org.springframework.boot.test.context.SpringBootTestContextBootstrapper -- Found @SpringBootConfiguration com.sanyan.SanyanApplication for test class com.sanyan.repository.RepositoryTest

  .   ____          _            __ _ _
 /\\ / ___'_ __ _ _(_)_ __  __ _ \ \ \ \
( ( )\___ | '_ | '_| | '_ \/ _` | \ \ \ \
 \\/  ___)| |_)| | | | | || (_| |  ) ) ) )
  '  |____| .__|_| |_|_| |_\__, | / / / /
 =========|_|==============|___/=/_/_/_/
 :: Spring Boot ::                (v3.2.5)

2026-04-08T09:23:25.301+08:00  INFO 68087 --- [           main] com.sanyan.repository.RepositoryTest     : Starting RepositoryTest using Java 17.0.15 with PID 68087 (started by aventador in /Users/aventador/sourceCode/3yan/server)
2026-04-08T09:23:25.302+08:00  INFO 68087 --- [           main] com.sanyan.repository.RepositoryTest     : No active profile set, falling back to 1 default profile: "default"
2026-04-08T09:23:25.431+08:00  INFO 68087 --- [           main] .s.d.r.c.RepositoryConfigurationDelegate : Multiple Spring Data modules found, entering strict repository configuration mode
2026-04-08T09:23:25.432+08:00  INFO 68087 --- [           main] .s.d.r.c.RepositoryConfigurationDelegate : Bootstrapping Spring Data JPA repositories in DEFAULT mode.
2026-04-08T09:23:25.491+08:00  INFO 68087 --- [           main] .s.d.r.c.RepositoryConfigurationDelegate : Finished Spring Data repository scanning in 56 ms. Found 7 JPA repository interfaces.
2026-04-08T09:23:25.511+08:00  INFO 68087 --- [           main] beddedDataSourceBeanFactoryPostProcessor : Replacing 'dataSource' DataSource bean with embedded version
2026-04-08T09:23:25.560+08:00  INFO 68087 --- [           main] o.s.j.d.e.EmbeddedDatabaseFactory        : Starting embedded database: url='jdbc:h2:mem:ca49818b-26f7-4063-9f2d-d1dd6be95b2f;DB_CLOSE_DELAY=-1;DB_CLOSE_ON_EXIT=false', username='sa'
2026-04-08T09:23:25.668+08:00  INFO 68087 --- [           main] o.hibernate.jpa.internal.util.LogHelper  : HHH000204: Processing PersistenceUnitInfo [name: default]
2026-04-08T09:23:25.688+08:00  INFO 68087 --- [           main] org.hibernate.Version                    : HHH000412: Hibernate ORM core version 6.4.4.Final
2026-04-08T09:23:25.700+08:00  INFO 68087 --- [           main] o.h.c.internal.RegionFactoryInitiator    : HHH000026: Second-level cache disabled
2026-04-08T09:23:25.789+08:00  INFO 68087 --- [           main] o.s.o.j.p.SpringPersistenceUnitInfo      : No LoadTimeWeaver setup: ignoring JPA class transformer
2026-04-08T09:23:26.188+08:00  INFO 68087 --- [           main] o.h.e.t.j.p.i.JtaPlatformInitiator       : HHH000489: No JTA platform available (set 'hibernate.transaction.jta.platform' to enable JTA platform integration)
Hibernate: drop table if exists ai_character cascade 
Hibernate: drop table if exists conversation cascade 
Hibernate: drop table if exists memory_profile cascade 
Hibernate: drop table if exists memory_summary cascade 
Hibernate: drop table if exists message cascade 
Hibernate: drop table if exists "user" cascade 
Hibernate: drop table if exists user_token cascade 
Hibernate: create table ai_character (created_at timestamp(6), created_by bigint, id bigint generated by default as identity, type varchar(10) not null, name varchar(50) not null, avatar varchar(255), greeting TEXT, proactive_config TEXT, system_prompt TEXT not null, primary key (id))
Hibernate: create table conversation (unread_count integer not null, character_id bigint not null, id bigint generated by default as identity, last_message_at timestamp(6), user_id bigint not null, primary key (id), unique (user_id, character_id))
Hibernate: create table memory_profile (conversation_id bigint not null unique, id bigint generated by default as identity, updated_at timestamp(6), content TEXT, primary key (id))
Hibernate: create table memory_summary (conversation_id bigint not null, created_at timestamp(6), id bigint generated by default as identity, message_range varchar(50), summary TEXT not null, primary key (id))
Hibernate: create table message (conversation_id bigint not null, created_at timestamp(6), id bigint generated by default as identity, content_type varchar(10) not null, sender_type varchar(10) not null, source varchar(10) not null, content TEXT, media_url varchar(255), primary key (id))
Hibernate: create table "user" (created_at timestamp(6), id bigint generated by default as identity, updated_at timestamp(6), phone varchar(20) not null unique, nickname varchar(50), avatar varchar(255), password varchar(255) not null, primary key (id))
Hibernate: create table user_token (expired_at timestamp(6), id bigint generated by default as identity, user_id bigint not null, device_type varchar(10), token varchar(500) not null, push_token varchar(255), primary key (id))
Hibernate: create index idx_memory_summary_conv on memory_summary (conversation_id)
Hibernate: create index idx_message_conversation on message (conversation_id, id)
Hibernate: create index idx_user_token_user_id on user_token (user_id)
2026-04-08T09:23:26.206+08:00  INFO 68087 --- [           main] j.LocalContainerEntityManagerFactoryBean : Initialized JPA EntityManagerFactory for persistence unit 'default'
2026-04-08T09:23:26.377+08:00  INFO 68087 --- [           main] com.sanyan.repository.RepositoryTest     : Started RepositoryTest in 1.198 seconds (process running for 1.549)
Hibernate: insert into message (content,content_type,conversation_id,created_at,media_url,sender_type,source,id) values (?,?,?,?,?,?,?,default)
]]></system-out>
  </testcase>
  <testcase name="shouldSaveAndFindUser" classname="com.sanyan.repository.RepositoryTest" time="0.051">
    <system-out><![CDATA[Hibernate: insert into "user" (avatar,created_at,nickname,password,phone,updated_at,id) values (?,?,?,?,?,?,default)
Hibernate: select u1_0.id,u1_0.avatar,u1_0.created_at,u1_0.nickname,u1_0.password,u1_0.phone,u1_0.updated_at from "user" u1_0 where u1_0.phone=?
]]></system-out>
  </testcase>
  <testcase name="shouldSaveConversationWithUniqueConstraint" classname="com.sanyan.repository.RepositoryTest" time="0.006">
    <system-out><![CDATA[Hibernate: insert into "user" (avatar,created_at,nickname,password,phone,updated_at,id) values (?,?,?,?,?,?,default)
Hibernate: insert into ai_character (avatar,created_at,created_by,greeting,name,proactive_config,system_prompt,type,id) values (?,?,?,?,?,?,?,?,default)
Hibernate: insert into conversation (character_id,last_message_at,unread_count,user_id,id) values (?,?,?,?,default)
Hibernate: select c1_0.id,c1_0.character_id,c1_0.last_message_at,c1_0.unread_count,c1_0.user_id from conversation c1_0 where c1_0.user_id=? and c1_0.character_id=?
]]></system-out>
  </testcase>
</testsuite>